[2025-12-30 21:19:08] Client started
[2025-12-30 21:19:08] Engine started
[2025-12-30 21:19:09] TX uid=4217349182 seq=419480 ok=True
[2025-12-30 21:19:09] TX uid=4219183746 seq=419481 ok=True
[2025-12-30 21:19:10] TX uid=4215638291 seq=419482 ok=True
[2025-12-30 21:19:11] TX uid=4218741953 seq=419483 ok=True
[2025-12-30 21:19:12] TX uid=4216924187 seq=419484 ok=False
[2025-12-30 21:19:12] Retry bot=5 uid=4216924187 attempt=1
[2025-12-30 21:19:12] TX uid=4216924187 seq=419485 ok=True
[2025-12-30 21:19:13] TX uid=4218457391 seq=419486 ok=True
[2025-12-30 21:19:13] TX uid=4219573814 seq=419487 ok=True
[2025-12-30 21:19:14] TX uid=4216384719 seq=419488 ok=True
[2025-12-30 21:19:15] TX uid=4217841936 seq=419489 ok=True
[2025-12-30 21:19:16] TX uid=4219658724 seq=419490 ok=True
[2025-12-30 21:19:17] TX uid=4215738492 seq=419491 ok=False
[2025-12-30 21:19:17] Retry bot=11 uid=4215738492 attempt=1
[2025-12-30 21:19:17] TX uid=4215738492 seq=419492 ok=False
[2025-12-30 21:19:17] Retry bot=11 uid=4215738492 attempt=2
[2025-12-30 21:19:18] TX uid=4215738492 seq=419493 ok=True
[2025-12-30 21:19:19] TX uid=4218964371 seq=419494 ok=True
[2025-12-30 21:19:20] TX uid=4217493186 seq=419495 ok=False
[2025-12-30 21:19:20] Retry bot=13 uid=4217493186 attempt=1
[2025-12-30 21:19:21] TX uid=4217493186 seq=419496 ok=True
[2025-12-30 21:19:22] TX uid=4216839574 seq=419497 ok=True
[2025-12-30 21:19:23] TX uid=4219374618 seq=419498 ok=False
[2025-12-30 21:19:23] Retry bot=15 uid=4219374618 attempt=1
[2025-12-30 21:19:23] TX uid=4219374618 seq=419499 ok=True
[2025-12-30 21:19:23] TX uid=4217582946 seq=419500 ok=True
[2025-12-30 21:19:24] TX uid=4216948357 seq=419501 ok=True
[2025-12-30 21:19:24] TX uid=4218359164 seq=419502 ok=False
[2025-12-30 21:19:24] Retry bot=18 uid=4218359164 attempt=1
[2025-12-30 21:19:25] TX uid=4218359164 seq=419503 ok=True
[2025-12-30 21:19:25] TX uid=4219725843 seq=419504 ok=True
[2025-12-30 21:19:26] TX uid=4216498732 seq=419505 ok=True
[2025-12-30 21:19:26] TX uid=4217836945 seq=419506 ok=True
[2025-12-30 21:19:26] TX uid=4218947163 seq=419507 ok=True
[2025-12-30 21:19:27] TX uid=4216579841 seq=419508 ok=True
[2025-12-30 21:19:28] TX uid=4219384762 seq=419509 ok=True
[2025-12-30 21:19:29] TX uid=4217843629 seq=419510 ok=True
[2025-12-30 21:19:29] TX uid=4216951738 seq=419511 ok=True
[2025-12-30 21:19:30] TX uid=4218736495 seq=419512 ok=True
[2025-12-30 21:19:31] TX uid=4219647381 seq=419513 ok=True
[2025-12-30 21:19:31] TX uid=4215874369 seq=419514 ok=True
[2025-12-30 21:19:32] TX uid=4217391864 seq=419515 ok=True
[2025-12-30 21:19:33] TX uid=4218659374 seq=419516 ok=True
[2025-12-30 21:19:33] TX uid=4219746381 seq=419517 ok=True
[2025-12-30 21:19:34] TX uid=4216943817 seq=419518 ok=False
[2025-12-30 21:19:34] Retry bot=33 uid=4216943817 attempt=1
[2025-12-30 21:19:34] TX uid=4216943817 seq=419519 ok=True
[2025-12-30 21:19:35] TX uid=4218375964 seq=419520 ok=True
[2025-12-30 21:19:36] TX uid=4217596843 seq=419521 ok=False
[2025-12-30 21:19:36] Retry bot=35 uid=4217596843 attempt=1
[2025-12-30 21:19:36] TX uid=4217596843 seq=419522 ok=False
[2025-12-30 21:19:36] Retry bot=35 uid=4217596843 attempt=2
[2025-12-30 21:19:36] TX uid=4217596843 seq=419523 ok=True
[2025-12-30 21:19:37] TX uid=4218965317 seq=419524 ok=False
[2025-12-30 21:19:37] Retry bot=36 uid=4218965317 attempt=1
[2025-12-30 21:19:37] TX uid=4218965317 seq=419525 ok=True
[2025-12-30 21:19:38] TX uid=4216379485 seq=419526 ok=True
[2025-12-30 21:19:38] TX uid=4219741856 seq=419527 ok=True
[2025-12-30 21:19:39] TX uid=4217856394 seq=419528 ok=False
[2025-12-30 21:19:39] Retry bot=39 uid=4217856394 attempt=1
[2025-12-30 21:19:40] TX uid=4217856394 seq=419529 ok=True
[2025-12-30 21:19:40] TX uid=4218647391 seq=419530 ok=True
[2025-12-30 21:19:41] TX uid=4219573486 seq=419531 ok=True
[2025-12-30 21:19:41] TX uid=4216837495 seq=419532 ok=True
[2025-12-30 21:19:42] TX uid=4218759463 seq=419533 ok=True
[2025-12-30 21:19:44] TX uid=4219645837 seq=419534 ok=True
[2025-12-30 21:19:45] TX uid=4217396854 seq=419535 ok=False
[2025-12-30 21:19:45] Retry bot=45 uid=4217396854 attempt=1
[2025-12-30 21:19:45] TX uid=4217396854 seq=419536 ok=False
[2025-12-30 21:19:45] Retry bot=45 uid=4217396854 attempt=2
[2025-12-30 21:19:46] TX uid=4217396854 seq=419537 ok=False
[2025-12-30 21:19:46] Retry bot=45 uid=4217396854 attempt=3
[2025-12-30 21:19:47] TX uid=GUEST_2310 seq=419538 ok=True
[2025-12-30 21:19:48] TX uid=GUEST_1068 seq=419539 ok=True
[2025-12-30 21:19:49] TX uid=GUEST_2932 seq=419540 ok=False
[2025-12-30 21:19:49] Retry bot=48 uid=GUEST_2932 attempt=1
[2025-12-30 21:19:49] TX uid=GUEST_2932 seq=419541 ok=True
[2025-12-30 21:19:50] TX uid=GUEST_4897 seq=419542 ok=True
[2025-12-30 21:19:50] TX uid=GUEST_8441 seq=419543 ok=True
[2025-12-30 21:19:51] TX uid=GUEST_1078 seq=419544 ok=True
[2025-12-30 21:19:52] TX uid=GUEST_2397 seq=419545 ok=False
[2025-12-30 21:19:52] Retry bot=52 uid=GUEST_2397 attempt=1
[2025-12-30 21:19:52] TX uid=GUEST_2397 seq=419546 ok=True
[2025-12-30 21:19:53] TX uid=GUEST_9512 seq=419547 ok=True
[2025-12-30 21:19:54] TX uid=GUEST_4677 seq=419548 ok=True
[2025-12-30 21:19:54] TX uid=GUEST_7719 seq=419549 ok=False
[2025-12-30 21:19:54] Retry bot=55 uid=GUEST_7719 attempt=1
[2025-12-30 21:19:54] TX uid=GUEST_7719 seq=419550 ok=False
[2025-12-30 21:19:54] Retry bot=55 uid=GUEST_7719 attempt=2
[2025-12-30 21:19:55] TX uid=GUEST_7719 seq=419551 ok=False
[2025-12-30 21:19:55] Retry bot=55 uid=GUEST_7719 attempt=3
[2025-12-30 21:19:55] Limited channel engaged
[2025-12-30 21:19:56] Heartbeat (limited channel)
[2025-12-30 21:19:57] Heartbeat (limited channel)
[2025-12-30 21:19:58] Heartbeat (limited channel)
[2025-12-30 21:19:59] Heartbeat (limited channel)
[2025-12-30 21:20:01] Heartbeat (limited channel)
[2025-12-30 21:20:02] Heartbeat (limited channel)
[2025-12-30 21:20:03] Heartbeat (limited channel)
[2025-12-30 21:20:04] Heartbeat (limited channel)
[2025-12-30 21:20:05] Heartbeat (limited channel)
[2025-12-30 21:20:07] Heartbeat (limited channel)
[2025-12-30 21:20:08] Heartbeat (limited channel)
[2025-12-30 21:20:09] Heartbeat (limited channel)
[2025-12-30 21:20:10] Heartbeat (limited channel)
[2025-12-30 21:20:11] Heartbeat (limited channel)
[2025-12-30 21:20:13] Heartbeat (limited channel)
[2025-12-30 21:20:14] Heartbeat (limited channel)
[2025-12-30 21:20:15] Heartbeat (limited channel)
[2025-12-30 21:20:16] Heartbeat (limited channel)
[2025-12-30 21:20:17] Heartbeat (limited channel)
[2025-12-30 21:20:19] Heartbeat (limited channel)
[2025-12-30 21:20:20] Heartbeat (limited channel)
[2025-12-30 21:20:21] Heartbeat (limited channel)
[2025-12-30 21:20:22] Heartbeat (limited channel)
[2025-12-30 21:20:24] Heartbeat (limited channel)
[2025-12-30 21:20:25] Heartbeat (limited channel)
[2025-12-30 21:20:26] Heartbeat (limited channel)
[2025-12-30 21:20:27] Heartbeat (limited channel)
[2025-12-30 21:20:28] Heartbeat (limited channel)
[2025-12-30 21:20:30] Heartbeat (limited channel)
[2025-12-30 21:20:31] Heartbeat (limited channel)
[2025-12-30 21:20:32] Heartbeat (limited channel)
[2025-12-30 21:20:33] Heartbeat (limited channel)
[2025-12-30 21:20:34] Heartbeat (limited channel)
[2025-12-30 21:20:36] Heartbeat (limited channel)
[2025-12-30 21:20:37] Heartbeat (limited channel)
[2025-12-30 21:20:38] Heartbeat (limited channel)
[2025-12-30 21:20:39] Heartbeat (limited channel)
[2025-12-30 21:20:40] Heartbeat (limited channel)
[2025-12-30 21:20:42] Heartbeat (limited channel)
[2025-12-30 21:20:43] Heartbeat (limited channel)
[2025-12-30 21:20:44] Heartbeat (limited channel)
[2025-12-30 21:20:45] Heartbeat (limited channel)
[2025-12-30 21:20:46] Heartbeat (limited channel)
[2025-12-30 21:20:48] Heartbeat (limited channel)
[2025-12-30 21:20:49] Heartbeat (limited channel)
[2025-12-30 21:20:50] Heartbeat (limited channel)
[2025-12-30 21:20:51] Heartbeat (limited channel)
[2025-12-30 21:20:52] Heartbeat (limited channel)
[2025-12-30 21:20:54] Heartbeat (limited channel)
[2025-12-30 21:20:55] Heartbeat (limited channel)
[2025-12-30 21:20:56] Heartbeat (limited channel)
[2025-12-30 21:20:57] Heartbeat (limited channel)
[2025-12-30 21:20:58] Heartbeat (limited channel)
[2025-12-30 21:21:00] Heartbeat (limited channel)
[2025-12-30 21:21:01] Heartbeat (limited channel)
[2025-12-30 21:21:02] Heartbeat (limited channel)
[2025-12-30 21:21:03] Heartbeat (limited channel)
[2025-12-30 21:21:04] Heartbeat (limited channel)
[2025-12-30 21:21:06] Heartbeat (limited channel)
[2025-12-30 21:21:07] Heartbeat (limited channel)
[2025-12-30 21:21:08] Heartbeat (limited channel)
[2025-12-30 21:21:09] Heartbeat (limited channel)
[2025-12-30 21:21:10] Heartbeat (limited channel)
[2025-12-30 21:21:12] Heartbeat (limited channel)
[2025-12-30 21:21:13] Heartbeat (limited channel)
[2025-12-30 21:21:14] Heartbeat (limited channel)
[2025-12-30 21:21:15] Heartbeat (limited channel)
[2025-12-30 21:21:16] Heartbeat (limited channel)
[2025-12-30 21:21:18] Heartbeat (limited channel)
[2025-12-30 21:21:19] Heartbeat (limited channel)
[2025-12-30 21:21:20] Heartbeat (limited channel)
[2025-12-30 21:21:21] Heartbeat (limited channel)
[2025-12-30 21:21:22] Heartbeat (limited channel)
[2025-12-30 21:21:24] Heartbeat (limited channel)
[2025-12-30 21:21:25] Heartbeat (limited channel)
[2025-12-30 21:21:26] Heartbeat (limited channel)
[2025-12-30 21:21:27] Heartbeat (limited channel)
[2025-12-30 21:21:28] Heartbeat (limited channel)
[2025-12-30 21:21:30] Heartbeat (limited channel)
[2025-12-30 21:21:31] Heartbeat (limited channel)
[2025-12-30 21:21:32] Heartbeat (limited channel)
[2025-12-30 21:21:33] Heartbeat (limited channel)
[2025-12-30 21:21:34] Heartbeat (limited channel)
[2025-12-30 21:21:36] Heartbeat (limited channel)
[2025-12-30 21:21:37] Heartbeat (limited channel)
[2025-12-30 21:21:38] Heartbeat (limited channel)
[2025-12-30 21:21:39] Heartbeat (limited channel)
[2025-12-30 21:21:40] Heartbeat (limited channel)
[2025-12-30 21:21:42] Heartbeat (limited channel)
[2025-12-30 21:21:43] Heartbeat (limited channel)
[2025-12-30 21:21:44] Heartbeat (limited channel)
[2025-12-30 21:21:45] Heartbeat (limited channel)
[2025-12-30 21:21:46] Heartbeat (limited channel)
[2025-12-30 21:21:48] Heartbeat (limited channel)
[2025-12-30 21:21:49] Heartbeat (limited channel)
[2025-12-30 21:21:50] Heartbeat (limited channel)
[2025-12-30 21:21:51] Heartbeat (limited channel)
[2025-12-30 21:21:52] Heartbeat (limited channel)
[2025-12-30 21:21:54] Heartbeat (limited channel)
[2025-12-30 21:21:55] Heartbeat (limited channel)
[2025-12-30 21:21:56] Heartbeat (limited channel)
[2025-12-30 21:21:57] Heartbeat (limited channel)
[2025-12-30 21:21:58] Heartbeat (limited channel)
[2025-12-30 21:22:00] Heartbeat (limited channel)
[2025-12-30 21:22:01] Heartbeat (limited channel)
[2025-12-30 21:22:02] Heartbeat (limited channel)
[2025-12-30 21:22:03] Heartbeat (limited channel)
[2025-12-30 21:22:04] Heartbeat (limited channel)
[2025-12-30 21:22:06] Heartbeat (limited channel)
[2025-12-30 21:22:07] Heartbeat (limited channel)
[2025-12-30 21:22:08] Heartbeat (limited channel)
[2025-12-30 21:22:09] Heartbeat (limited channel)
[2025-12-30 21:22:10] Heartbeat (limited channel)
[2025-12-30 21:22:12] Heartbeat (limited channel)
[2025-12-30 21:22:13] Heartbeat (limited channel)
[2025-12-30 21:22:14] Heartbeat (limited channel)
[2025-12-30 21:22:15] Heartbeat (limited channel)
[2025-12-30 21:22:16] Heartbeat (limited channel)
[2025-12-30 21:22:18] Heartbeat (limited channel)
[2025-12-30 21:22:19] Heartbeat (limited channel)
[2025-12-30 21:22:20] Heartbeat (limited channel)
[2025-12-30 21:22:21] Heartbeat (limited channel)
[2025-12-30 21:22:22] Heartbeat (limited channel)
[2025-12-30 21:22:24] Heartbeat (limited channel)
[2025-12-30 21:22:25] Heartbeat (limited channel)
[2025-12-30 21:22:26] Heartbeat (limited channel)
[2025-12-30 21:22:27] Heartbeat (limited channel)
[2025-12-30 21:22:28] Heartbeat (limited channel)
[2025-12-30 21:22:30] Heartbeat (limited channel)
[2025-12-30 21:22:31] Heartbeat (limited channel)
[2025-12-30 21:22:32] Heartbeat (limited channel)
[2025-12-30 21:22:33] Heartbeat (limited channel)
[2025-12-30 21:22:35] Heartbeat (limited channel)
[2025-12-30 21:22:36] Heartbeat (limited channel)
[2025-12-30 21:22:37] Heartbeat (limited channel)
[2025-12-30 21:22:38] Heartbeat (limited channel)
[2025-12-30 21:22:39] Heartbeat (limited channel)
[2025-12-30 21:22:41] Heartbeat (limited channel)
[2025-12-30 21:22:42] Heartbeat (limited channel)
[2025-12-30 21:22:43] Heartbeat (limited channel)
[2025-12-30 21:22:44] Heartbeat (limited channel)
[2025-12-30 21:22:45] Heartbeat (limited channel)
[2025-12-30 21:22:47] Heartbeat (limited channel)
[2025-12-30 21:22:48] Heartbeat (limited channel)
[2025-12-30 21:22:49] Heartbeat (limited channel)
[2025-12-30 21:22:50] Heartbeat (limited channel)
[2025-12-30 21:22:51] Heartbeat (limited channel)
[2025-12-30 21:22:53] Heartbeat (limited channel)
[2025-12-30 21:22:54] Heartbeat (limited channel)
[2025-12-30 21:22:55] Heartbeat (limited channel)
[2025-12-30 21:22:56] Heartbeat (limited channel)
[2025-12-30 21:22:57] Heartbeat (limited channel)
[2025-12-30 21:22:59] Heartbeat (limited channel)
[2025-12-30 21:23:00] Heartbeat (limited channel)
[2025-12-30 21:23:01] Heartbeat (limited channel)
[2025-12-30 21:23:02] Heartbeat (limited channel)
[2025-12-30 21:23:03] Heartbeat (limited channel)
[2025-12-30 21:23:05] Heartbeat (limited channel)
[2025-12-30 21:23:06] Heartbeat (limited channel)
[2025-12-30 21:23:07] Heartbeat (limited channel)
[2025-12-30 21:23:08] Heartbeat (limited channel)
[2025-12-30 21:23:09] Heartbeat (limited channel)
[2025-12-30 21:23:11] Heartbeat (limited channel)
[2025-12-30 21:23:12] Heartbeat (limited channel)
[2025-12-30 21:23:13] Heartbeat (limited channel)
[2025-12-30 21:23:14] Heartbeat (limited channel)
[2025-12-30 21:23:15] Heartbeat (limited channel)
[2025-12-30 21:23:17] Heartbeat (limited channel)
[2025-12-30 21:23:18] Heartbeat (limited channel)
[2025-12-30 21:23:19] Heartbeat (limited channel)
[2025-12-30 21:23:20] Heartbeat (limited channel)
[2025-12-30 21:23:21] Heartbeat (limited channel)
[2025-12-30 21:23:23] Heartbeat (limited channel)
[2025-12-30 21:23:24] Heartbeat (limited channel)
[2025-12-30 21:23:25] Heartbeat (limited channel)
[2025-12-30 21:23:26] Heartbeat (limited channel)
[2025-12-30 21:23:27] Heartbeat (limited channel)
[2025-12-30 21:23:29] Heartbeat (limited channel)
[2025-12-30 21:23:30] Heartbeat (limited channel)
[2025-12-30 21:23:31] Heartbeat (limited channel)
[2025-12-30 21:23:32] Heartbeat (limited channel)
[2025-12-30 21:23:33] Heartbeat (limited channel)
[2025-12-30 21:23:35] Heartbeat (limited channel)
[2025-12-30 21:23:36] Heartbeat (limited channel)
[2025-12-30 21:23:37] Heartbeat (limited channel)
[2025-12-30 21:23:38] Heartbeat (limited channel)
[2025-12-30 21:23:39] Heartbeat (limited channel)
[2025-12-30 21:23:41] Heartbeat (limited channel)
[2025-12-30 21:23:42] Heartbeat (limited channel)
[2025-12-30 21:23:43] Heartbeat (limited channel)
[2025-12-30 21:23:44] Heartbeat (limited channel)
[2025-12-30 21:23:45] Heartbeat (limited channel)
[2025-12-30 21:23:47] Heartbeat (limited channel)
[2025-12-30 21:23:48] Heartbeat (limited channel)
[2025-12-30 21:23:49] Heartbeat (limited channel)
[2025-12-30 21:23:50] Heartbeat (limited channel)
[2025-12-30 21:23:51] Heartbeat (limited channel)
[2025-12-30 21:23:53] Heartbeat (limited channel)
[2025-12-30 21:23:54] Heartbeat (limited channel)
[2025-12-30 21:23:55] Heartbeat (limited channel)
[2025-12-30 21:23:56] Heartbeat (limited channel)
[2025-12-30 21:23:57] Heartbeat (limited channel)
[2025-12-30 21:23:59] Heartbeat (limited channel)
[2025-12-30 21:24:00] Heartbeat (limited channel)
[2025-12-30 21:24:01] Heartbeat (limited channel)
[2025-12-30 21:24:02] Heartbeat (limited channel)
[2025-12-30 21:24:03] Heartbeat (limited channel)
[2025-12-30 21:24:05] Heartbeat (limited channel)
[2025-12-30 21:24:06] Heartbeat (limited channel)
[2025-12-30 21:24:07] Heartbeat (limited channel)
[2025-12-30 21:24:08] Heartbeat (limited channel)
[2025-12-30 21:24:09] Heartbeat (limited channel)
[2025-12-30 21:24:11] Heartbeat (limited channel)
[2025-12-30 21:24:12] Heartbeat (limited channel)
[2025-12-30 21:24:13] Heartbeat (limited channel)
[2025-12-30 21:24:14] Heartbeat (limited channel)
[2025-12-30 21:24:15] Heartbeat (limited channel)
[2025-12-30 21:24:17] Heartbeat (limited channel)
[2025-12-30 21:24:18] Heartbeat (limited channel)
[2025-12-30 21:24:19] Heartbeat (limited channel)
[2025-12-30 21:24:20] Heartbeat (limited channel)
[2025-12-30 21:24:22] Heartbeat (limited channel)
[2025-12-30 21:24:23] Heartbeat (limited channel)
[2025-12-30 21:24:24] Heartbeat (limited channel)
[2025-12-30 21:24:25] Heartbeat (limited channel)
[2025-12-30 21:24:26] Heartbeat (limited channel)
[2025-12-30 21:24:28] Heartbeat (limited channel)
[2025-12-30 21:24:29] Heartbeat (limited channel)
[2025-12-30 21:24:30] Heartbeat (limited channel)
[2025-12-30 21:24:31] Heartbeat (limited channel)
[2025-12-30 21:24:32] Heartbeat (limited channel)
[2025-12-30 21:24:34] Heartbeat (limited channel)
[2025-12-30 21:24:35] Heartbeat (limited channel)
[2025-12-30 21:24:36] Heartbeat (limited channel)
[2025-12-30 21:24:37] Heartbeat (limited channel)
[2025-12-30 21:24:38] Heartbeat (limited channel)
[2025-12-30 21:24:40] Heartbeat (limited channel)
[2025-12-30 21:24:41] Heartbeat (limited channel)
[2025-12-30 21:24:42] Heartbeat (limited channel)
[2025-12-30 21:24:43] Heartbeat (limited channel)
[2025-12-30 21:24:44] Heartbeat (limited channel)
[2025-12-30 21:24:46] Heartbeat (limited channel)
[2025-12-30 21:24:47] Heartbeat (limited channel)
[2025-12-30 21:24:48] Heartbeat (limited channel)
[2025-12-30 21:24:49] Heartbeat (limited channel)
[2025-12-30 21:24:50] Heartbeat (limited channel)
[2025-12-30 21:24:52] Heartbeat (limited channel)
[2025-12-30 21:24:53] Heartbeat (limited channel)
[2025-12-30 21:24:54] Heartbeat (limited channel)
[2025-12-30 21:24:55] Heartbeat (limited channel)
[2025-12-30 21:24:56] Heartbeat (limited channel)
